# JRE version: OpenJDK Runtime Environment (21.0.2+13) (build 21.0.2+13-58)
# Java VM: OpenJDK 64-Bit Server VM (21.0.2+13-58, mixed mode, sharing, tiered, compressed oops, compressed class ptrs, g1 gc, windows-amd64)
GC Precious Log:
 CardTable entry size: 512
 Card Set container configuration: InlinePtr #cards 5 size 8 Array Of Cards #cards 12 size 40 Howl #buckets 4 coarsen threshold 1843 Howl Bitmap #cards 512 size 80 coarsen threshold 460 Card regions per heap region 1 cards per card region 2048
 CPUs: 4 total, 4 available
 Memory: 3920M
 Large Page Support: Disabled
 NUMA Support: Disabled
 Compressed Oops: Enabled (32-bit)
 Heap Region Size: 1M
 Heap Min Capacity: 8M
 Heap Initial Capacity: 62M
 Heap Max Capacity: 982M
 Pre-touch: Disabled
 Parallel Workers: 4
 Concurrent Workers: 1
 Concurrent Refinement Workers: 4
 Periodic GC: Disabled
Heap:
 garbage-first heap   total 63488K, used 31161K [0x00000000c2a00000, 0x0000000100000000)
  region size 1024K, 9 young (9216K), 1 survivors (1024K)
 Metaspace       used 20956K, committed 21312K, reserved 1114112K
  class space    used 2257K, committed 2432K, reserved 1048576K
GC Heap History (8 events):
Event: 13.894 GC heap before
{Heap before GC invocations=0 (full 0):
 garbage-first heap   total 63488K, used 41984K [0x00000000c2a00000, 0x0000000100000000)
  region size 1024K, 13 young (13312K), 0 survivors (0K)
 Metaspace       used 10913K, committed 11200K, reserved 1114112K
  class space    used 1214K, committed 1344K, reserved 1048576K
}
Event: 13.920 GC heap after
{Heap after GC invocations=1 (full 0):
 garbage-first heap   total 63488K, used 32608K [0x00000000c2a00000, 0x0000000100000000)
  region size 1024K, 2 young (2048K), 2 survivors (2048K)
 Metaspace       used 10913K, committed 11200K, reserved 1114112K
  class space    used 1214K, committed 1344K, reserved 1048576K
}
Event: 16.019 GC heap before
{Heap before GC invocations=1 (full 0):
 garbage-first heap   total 63488K, used 43872K [0x00000000c2a00000, 0x0000000100000000)
  region size 1024K, 14 young (14336K), 2 survivors (2048K)
 Metaspace       used 19346K, committed 19584K, reserved 1114112K
  class space    used 2136K, committed 2240K, reserved 1048576K
}
Event: 16.033 GC heap after
{Heap after GC invocations=2 (full 0):
 garbage-first heap   total 63488K, used 35167K [0x00000000c2a00000, 0x0000000100000000)
  region size 1024K, 2 young (2048K), 2 survivors (2048K)
 Metaspace       used 19346K, committed 19584K, reserved 1114112K
  class space    used 2136K, committed 2240K, reserved 1048576K
}
Event: 19.671 GC heap before
{Heap before GC invocations=3 (full 0):
 garbage-first heap   total 63488K, used 48479K [0x00000000c2a00000, 0x0000000100000000)
  region size 1024K, 15 young (15360K), 2 survivors (2048K)
 Metaspace       used 20371K, committed 20736K, reserved 1114112K
  class space    used 2251K, committed 2432K, reserved 1048576K
}
Event: 19.678 GC heap after
{Heap after GC invocations=4 (full 0):
 garbage-first heap   total 63488K, used 37148K [0x00000000c2a00000, 0x0000000100000000)
  region size 1024K, 2 young (2048K), 2 survivors (2048K)
 Metaspace       used 20371K, committed 20736K, reserved 1114112K
  class space    used 2251K, committed 2432K, reserved 1048576K
}
Event: 24.323 GC heap before
{Heap before GC invocations=4 (full 0):
 garbage-first heap   total 63488K, used 41244K [0x00000000c2a00000, 0x0000000100000000)
  region size 1024K, 7 young (7168K), 2 survivors (2048K)
 Metaspace       used 20572K, committed 20864K, reserved 1114112K
  class space    used 2256K, committed 2432K, reserved 1048576K
}
Event: 24.328 GC heap after
{Heap after GC invocations=5 (full 0):
 garbage-first heap   total 63488K, used 37305K [0x00000000c2a00000, 0x0000000100000000)
  region size 1024K, 1 young (1024K), 1 survivors (1024K)
 Metaspace       used 20572K, committed 20864K, reserved 1114112K
  class space    used 2256K, committed 2432K, reserved 1048576K
}

